[2022-06-01 13:59:07] local.ERROR: Class 'App\Http\Controllers\Catalog' not found {"userId":1004,"exception":"[object] (Symfony\\Component\\Debug\\Exception\\FatalThrowableError(code: 0): Class 'App\\Http\\Controllers\\Catalog' not found at /opt/lampp/htdocs/tecweb/app/Http/Controllers/LocatarioController.php:57)
[stacktrace]
#0 /opt/lampp/htdocs/tecweb/vendor/laravel/framework/src/Illuminate/Routing/Controller.php(54): App\\Http\\Controllers\\LocatarioController->detailsLocatario('263')
#1 /opt/lampp/htdocs/tecweb/vendor/laravel/framework/src/Illuminate/Routing/ControllerDispatcher.php(45): Illuminate\\Routing\\Controller->callAction('detailsLocatari...', Array)
#2 /opt/lampp/htdocs/tecweb/vendor/laravel/framework/src/Illuminate/Routing/Route.php(219): Illuminate\\Routing\\ControllerDispatcher->dispatch(Object(Illuminate\\Routing\\Route), Object(App\\Http\\Controllers\\LocatarioController), 'detailsLocatari...')
#3 /opt/lampp/htdocs/tecweb/vendor/laravel/framework/src/Illuminate/Routing/Route.php(176): Illuminate\\Routing\\Route->runController()
#4 /opt/lampp/htdocs/tecweb/vendor/laravel/framework/src/Illuminate/Routing/Router.php(681): Illuminate\\Routing\\Route->run()
#5 /opt/lampp/htdocs/tecweb/vendor/laravel/framework/src/Illuminate/Pipeline/Pipeline.php(130): Illuminate\\Routing\\Router->Illuminate\\Routing\\{closure}(Object(Illuminate\\Http\\Request))
#6 /opt/lampp/htdocs/tecweb/vendor/laravel/framework/src/Illuminate/Auth/Middleware/Authorize.php(45): Illuminate\\Pipeline\\Pipeline->Illuminate\\Pipeline\\{closure}(Object(Illuminate\\Http\\Request))
#7 /opt/lampp/htdocs/tecweb/vendor/laravel/framework/src/Illuminate/Pipeline/Pipeline.php(171): Illuminate\\Auth\\Middleware\\Authorize->handle(Object(Illuminate\\Http\\Request), Object(Closure), 'isLocatario')
#8 /opt/lampp/htdocs/tecweb/vendor/laravel/framework/src/Illuminate/Routing/Middleware/SubstituteBindings.php(41): Illuminate\\Pipeline\\Pipeline->Illuminate\\Pipeline\\{closure}(Object(Illuminate\\Http\\Request))
#9 /opt/lampp/htdocs/tecweb/vendor/laravel/framework/src/Illuminate/Pipeline/Pipeline.php(171): Illuminate\\Routing\\Middleware\\SubstituteBindings->handle(Object(Illuminate\\Http\\Request), Object(Closure))
#10 /opt/lampp/htdocs/tecweb/vendor/laravel/framework/src/Illuminate/Foundation/Http/Middleware/VerifyCsrfToken.php(78): Illuminate\\Pipeline\\Pipeline->Illuminate\\Pipeline\\{closure}(Object(Illuminate\\Http\\Request))
#11 /opt/lampp/htdocs/tecweb/vendor/laravel/framework/src/Illuminate/Pipeline/Pipeline.php(171): Illuminate\\Foundation\\Http\\Middleware\\VerifyCsrfToken->handle(Object(Illuminate\\Http\\Request), Object(Closure))
#12 /opt/lampp/htdocs/tecweb/vendor/laravel/framework/src/Illuminate/View/Middleware/ShareErrorsFromSession.php(49): Illuminate\\Pipeline\\Pipeline->Illuminate\\Pipeline\\{closure}(Object(Illuminate\\Http\\Request))
#13 /opt/lampp/htdocs/tecweb/vendor/laravel/framework/src/Illuminate/Pipeline/Pipeline.php(171): Illuminate\\View\\Middleware\\ShareErrorsFromSession->handle(Object(Illuminate\\Http\\Request), Object(Closure))
#14 /opt/lampp/htdocs/tecweb/vendor/laravel/framework/src/Illuminate/Session/Middleware/StartSession.php(56): Illuminate\\Pipeline\\Pipeline->Illuminate\\Pipeline\\{closure}(Object(Illuminate\\Http\\Request))
#15 /opt/lampp/htdocs/tecweb/vendor/laravel/framework/src/Illuminate/Pipeline/Pipeline.php(171): Illuminate\\Session\\Middleware\\StartSession->handle(Object(Illuminate\\Http\\Request), Object(Closure))
#16 /opt/lampp/htdocs/tecweb/vendor/laravel/framework/src/Illuminate/Cookie/Middleware/AddQueuedCookiesToResponse.php(37): Illuminate\\Pipeline\\Pipeline->Illuminate\\Pipeline\\{closure}(Object(Illuminate\\Http\\Request))
#17 /opt/lampp/htdocs/tecweb/vendor/laravel/framework/src/Illuminate/Pipeline/Pipeline.php(171): Illuminate\\Cookie\\Middleware\\AddQueuedCookiesToResponse->handle(Object(Illuminate\\Http\\Request), Object(Closure))
#18 /opt/lampp/htdocs/tecweb/vendor/laravel/framework/src/Illuminate/Cookie/Middleware/EncryptCookies.php(67): Illuminate\\Pipeline\\Pipeline->Illuminate\\Pipeline\\{closure}(Object(Illuminate\\Http\\Request))
#19 /opt/lampp/htdocs/tecweb/vendor/laravel/framework/src/Illuminate/Pipeline/Pipeline.php(171): Illuminate\\Cookie\\Middleware\\EncryptCookies->handle(Object(Illuminate\\Http\\Request), Object(Closure))
#20 /opt/lampp/htdocs/tecweb/vendor/laravel/framework/src/Illuminate/Pipeline/Pipeline.php(105): Illuminate\\Pipeline\\Pipeline->Illuminate\\Pipeline\\{closure}(Object(Illuminate\\Http\\Request))
#21 /opt/lampp/htdocs/tecweb/vendor/laravel/framework/src/Illuminate/Routing/Router.php(683): Illuminate\\Pipeline\\Pipeline->then(Object(Closure))
#22 /opt/lampp/htdocs/tecweb/vendor/laravel/framework/src/Illuminate/Routing/Router.php(658): Illuminate\\Routing\\Router->runRouteWithinStack(Object(Illuminate\\Routing\\Route), Object(Illuminate\\Http\\Request))
#23 /opt/lampp/htdocs/tecweb/vendor/laravel/framework/src/Illuminate/Routing/Router.php(624): Illuminate\\Routing\\Router->runRoute(Object(Illuminate\\Http\\Request), Object(Illuminate\\Routing\\Route))
#24 /opt/lampp/htdocs/tecweb/vendor/laravel/framework/src/Illuminate/Routing/Router.php(613): Illuminate\\Routing\\Router->dispatchToRoute(Object(Illuminate\\Http\\Request))
#25 /opt/lampp/htdocs/tecweb/vendor/laravel/framework/src/Illuminate/Foundation/Http/Kernel.php(170): Illuminate\\Routing\\Router->dispatch(Object(Illuminate\\Http\\Request))
#26 /opt/lampp/htdocs/tecweb/vendor/laravel/framework/src/Illuminate/Pipeline/Pipeline.php(130): Illuminate\\Foundation\\Http\\Kernel->Illuminate\\Foundation\\Http\\{closure}(Object(Illuminate\\Http\\Request))
#27 /opt/lampp/htdocs/tecweb/vendor/laravel/framework/src/Illuminate/Foundation/Http/Middleware/TransformsRequest.php(21): Illuminate\\Pipeline\\Pipeline->Illuminate\\Pipeline\\{closure}(Object(Illuminate\\Http\\Request))
#28 /opt/lampp/htdocs/tecweb/vendor/laravel/framework/src/Illuminate/Pipeline/Pipeline.php(171): Illuminate\\Foundation\\Http\\Middleware\\TransformsRequest->handle(Object(Illuminate\\Http\\Request), Object(Closure))
#29 /opt/lampp/htdocs/tecweb/vendor/laravel/framework/src/Illuminate/Foundation/Http/Middleware/TransformsRequest.php(21): Illuminate\\Pipeline\\Pipeline->Illuminate\\Pipeline\\{closure}(Object(Illuminate\\Http\\Request))
#30 /opt/lampp/htdocs/tecweb/vendor/laravel/framework/src/Illuminate/Pipeline/Pipeline.php(171): Illuminate\\Foundation\\Http\\Middleware\\TransformsRequest->handle(Object(Illuminate\\Http\\Request), Object(Closure))
#31 /opt/lampp/htdocs/tecweb/vendor/laravel/framework/src/Illuminate/Foundation/Http/Middleware/ValidatePostSize.php(27): Illuminate\\Pipeline\\Pipeline->Illuminate\\Pipeline\\{closure}(Object(Illuminate\\Http\\Request))
#32 /opt/lampp/htdocs/tecweb/vendor/laravel/framework/src/Illuminate/Pipeline/Pipeline.php(171): Illuminate\\Foundation\\Http\\Middleware\\ValidatePostSize->handle(Object(Illuminate\\Http\\Request), Object(Closure))
#33 /opt/lampp/htdocs/tecweb/vendor/laravel/framework/src/Illuminate/Foundation/Http/Middleware/CheckForMaintenanceMode.php(63): Illuminate\\Pipeline\\Pipeline->Illuminate\\Pipeline\\{closure}(Object(Illuminate\\Http\\Request))
#34 /opt/lampp/htdocs/tecweb/vendor/laravel/framework/src/Illuminate/Pipeline/Pipeline.php(171): Illuminate\\Foundation\\Http\\Middleware\\CheckForMaintenanceMode->handle(Object(Illuminate\\Http\\Request), Object(Closure))
#35 /opt/lampp/htdocs/tecweb/vendor/fideloper/proxy/src/TrustProxies.php(57): Illuminate\\Pipeline\\Pipeline->Illuminate\\Pipeline\\{closure}(Object(Illuminate\\Http\\Request))
#36 /opt/lampp/htdocs/tecweb/vendor/laravel/framework/src/Illuminate/Pipeline/Pipeline.php(171): Fideloper\\Proxy\\TrustProxies->handle(Object(Illuminate\\Http\\Request), Object(Closure))
#37 /opt/lampp/htdocs/tecweb/vendor/laravel/framework/src/Illuminate/Pipeline/Pipeline.php(105): Illuminate\\Pipeline\\Pipeline->Illuminate\\Pipeline\\{closure}(Object(Illuminate\\Http\\Request))
#38 /opt/lampp/htdocs/tecweb/vendor/laravel/framework/src/Illuminate/Foundation/Http/Kernel.php(145): Illuminate\\Pipeline\\Pipeline->then(Object(Closure))
#39 /opt/lampp/htdocs/tecweb/vendor/laravel/framework/src/Illuminate/Foundation/Http/Kernel.php(110): Illuminate\\Foundation\\Http\\Kernel->sendRequestThroughRouter(Object(Illuminate\\Http\\Request))
#40 /opt/lampp/htdocs/tecweb/public/index.php(55): Illuminate\\Foundation\\Http\\Kernel->handle(Object(Illuminate\\Http\\Request))
#41 /opt/lampp/htdocs/tecweb/server.php(21): require_once('/opt/lampp/htdo...')
#42 {main}
"} 
[2022-06-01 17:12:02] local.DEBUG: Pagina Inserimento caricata  
[2022-06-01 17:14:04] local.DEBUG: Pagina Inserimento caricata  
[2022-06-01 17:14:14] local.DEBUG: Pagina Inserimento caricata  
[2022-06-01 17:17:35] local.DEBUG: Pagina Inserimento caricata  
[2022-06-01 17:20:24] local.DEBUG: Pagina Inserimento caricata  
[2022-06-01 17:20:25] local.DEBUG: Pagina Inserimento caricata  
[2022-06-01 17:20:32] local.DEBUG: Pagina Inserimento caricata  
[2022-06-01 17:20:32] local.DEBUG: Pagina Inserimento caricata  
[2022-06-01 17:21:06] local.DEBUG: Pagina Inserimento caricata  
[2022-06-01 17:22:11] local.DEBUG: Pagina Inserimento caricata  
[2022-06-01 17:22:12] local.DEBUG: Pagina Inserimento caricata  
[2022-06-01 17:22:12] local.DEBUG: Pagina Inserimento caricata  
[2022-06-01 17:22:12] local.DEBUG: Pagina Inserimento caricata  
[2022-06-01 17:22:24] local.DEBUG: Pagina Inserimento caricata  
[2022-06-01 17:22:25] local.DEBUG: Pagina Inserimento caricata  
[2022-06-01 17:22:25] local.DEBUG: Pagina Inserimento caricata  
[2022-06-01 17:22:25] local.DEBUG: Pagina Inserimento caricata  
[2022-06-01 17:23:50] local.DEBUG: Pagina Inserimento caricata  
[2022-06-01 17:23:51] local.DEBUG: Pagina Inserimento caricata  
[2022-06-01 17:23:51] local.DEBUG: Pagina Inserimento caricata  
[2022-06-01 17:25:36] local.DEBUG: Pagina Inserimento caricata  
[2022-06-01 17:26:25] local.DEBUG: Pagina Inserimento caricata  
[2022-06-01 17:26:54] local.DEBUG: Pagina Inserimento caricata  
[2022-06-01 17:27:12] local.DEBUG: Pagina Inserimento caricata  
[2022-06-01 17:27:22] local.DEBUG: Pagina Inserimento caricata  
[2022-06-01 17:30:29] local.DEBUG: Pagina Inserimento caricata  
[2022-06-01 17:30:30] local.DEBUG: Pagina Inserimento caricata  
[2022-06-01 17:30:30] local.DEBUG: Pagina Inserimento caricata  
[2022-06-01 17:30:41] local.DEBUG: Pagina Inserimento caricata  
[2022-06-01 17:31:51] local.DEBUG: Pagina Inserimento caricata  
[2022-06-01 17:32:20] local.DEBUG: Pagina Inserimento caricata  
[2022-06-01 17:32:33] local.DEBUG: Pagina Inserimento caricata  
[2022-06-01 17:32:57] local.DEBUG: Inserimento Alloggio: iniziato  
[2022-06-01 17:32:57] local.DEBUG: /opt/lampp/htdocs/tecweb/public/assets/301  
[2022-06-01 17:45:58] local.ERROR: glob() expects parameter 1 to be a valid path, resource given {"exception":"[object] (ErrorException(code: 0): glob() expects parameter 1 to be a valid path, resource given at /opt/lampp/htdocs/tecweb/app/Console/Commands/genImages.php:61)
[stacktrace]
#0 [internal function]: Illuminate\\Foundation\\Bootstrap\\HandleExceptions->handleError(2, 'glob() expects ...', '/opt/lampp/htdo...', 61, Array)
#1 /opt/lampp/htdocs/tecweb/app/Console/Commands/genImages.php(61): glob(Resource id #490)
#2 /opt/lampp/htdocs/tecweb/vendor/laravel/framework/src/Illuminate/Container/BoundMethod.php(36): App\\Console\\Commands\\genImages->handle()
#3 /opt/lampp/htdocs/tecweb/vendor/laravel/framework/src/Illuminate/Container/Util.php(37): Illuminate\\Container\\BoundMethod::Illuminate\\Container\\{closure}()
#4 /opt/lampp/htdocs/tecweb/vendor/laravel/framework/src/Illuminate/Container/BoundMethod.php(93): Illuminate\\Container\\Util::unwrapIfClosure(Object(Closure))
#5 /opt/lampp/htdocs/tecweb/vendor/laravel/framework/src/Illuminate/Container/BoundMethod.php(37): Illuminate\\Container\\BoundMethod::callBoundMethod(Object(Illuminate\\Foundation\\Application), Array, Object(Closure))
#6 /opt/lampp/htdocs/tecweb/vendor/laravel/framework/src/Illuminate/Container/Container.php(590): Illuminate\\Container\\BoundMethod::call(Object(Illuminate\\Foundation\\Application), Array, Array, NULL)
#7 /opt/lampp/htdocs/tecweb/vendor/laravel/framework/src/Illuminate/Console/Command.php(134): Illuminate\\Container\\Container->call(Array)
#8 /opt/lampp/htdocs/tecweb/vendor/symfony/console/Command/Command.php(255): Illuminate\\Console\\Command->execute(Object(Symfony\\Component\\Console\\Input\\ArgvInput), Object(Illuminate\\Console\\OutputStyle))
#9 /opt/lampp/htdocs/tecweb/vendor/laravel/framework/src/Illuminate/Console/Command.php(121): Symfony\\Component\\Console\\Command\\Command->run(Object(Symfony\\Component\\Console\\Input\\ArgvInput), Object(Illuminate\\Console\\OutputStyle))
#10 /opt/lampp/htdocs/tecweb/vendor/symfony/console/Application.php(1009): Illuminate\\Console\\Command->run(Object(Symfony\\Component\\Console\\Input\\ArgvInput), Object(Symfony\\Component\\Console\\Output\\ConsoleOutput))
#11 /opt/lampp/htdocs/tecweb/vendor/symfony/console/Application.php(273): Symfony\\Component\\Console\\Application->doRunCommand(Object(App\\Console\\Commands\\genImages), Object(Symfony\\Component\\Console\\Input\\ArgvInput), Object(Symfony\\Component\\Console\\Output\\ConsoleOutput))
#12 /opt/lampp/htdocs/tecweb/vendor/symfony/console/Application.php(149): Symfony\\Component\\Console\\Application->doRun(Object(Symfony\\Component\\Console\\Input\\ArgvInput), Object(Symfony\\Component\\Console\\Output\\ConsoleOutput))
#13 /opt/lampp/htdocs/tecweb/vendor/laravel/framework/src/Illuminate/Console/Application.php(93): Symfony\\Component\\Console\\Application->run(Object(Symfony\\Component\\Console\\Input\\ArgvInput), Object(Symfony\\Component\\Console\\Output\\ConsoleOutput))
#14 /opt/lampp/htdocs/tecweb/vendor/laravel/framework/src/Illuminate/Foundation/Console/Kernel.php(131): Illuminate\\Console\\Application->run(Object(Symfony\\Component\\Console\\Input\\ArgvInput), Object(Symfony\\Component\\Console\\Output\\ConsoleOutput))
#15 /opt/lampp/htdocs/tecweb/artisan(37): Illuminate\\Foundation\\Console\\Kernel->handle(Object(Symfony\\Component\\Console\\Input\\ArgvInput), Object(Symfony\\Component\\Console\\Output\\ConsoleOutput))
#16 {main}
"} 
[2022-06-01 17:46:26] local.ERROR: Undefined variable: handle {"exception":"[object] (ErrorException(code: 0): Undefined variable: handle at /opt/lampp/htdocs/tecweb/app/Console/Commands/genImages.php:63)
[stacktrace]
#0 /opt/lampp/htdocs/tecweb/app/Console/Commands/genImages.php(63): Illuminate\\Foundation\\Bootstrap\\HandleExceptions->handleError(8, 'Undefined varia...', '/opt/lampp/htdo...', 63, Array)
#1 /opt/lampp/htdocs/tecweb/vendor/laravel/framework/src/Illuminate/Container/BoundMethod.php(36): App\\Console\\Commands\\genImages->handle()
#2 /opt/lampp/htdocs/tecweb/vendor/laravel/framework/src/Illuminate/Container/Util.php(37): Illuminate\\Container\\BoundMethod::Illuminate\\Container\\{closure}()
#3 /opt/lampp/htdocs/tecweb/vendor/laravel/framework/src/Illuminate/Container/BoundMethod.php(93): Illuminate\\Container\\Util::unwrapIfClosure(Object(Closure))
#4 /opt/lampp/htdocs/tecweb/vendor/laravel/framework/src/Illuminate/Container/BoundMethod.php(37): Illuminate\\Container\\BoundMethod::callBoundMethod(Object(Illuminate\\Foundation\\Application), Array, Object(Closure))
#5 /opt/lampp/htdocs/tecweb/vendor/laravel/framework/src/Illuminate/Container/Container.php(590): Illuminate\\Container\\BoundMethod::call(Object(Illuminate\\Foundation\\Application), Array, Array, NULL)
#6 /opt/lampp/htdocs/tecweb/vendor/laravel/framework/src/Illuminate/Console/Command.php(134): Illuminate\\Container\\Container->call(Array)
#7 /opt/lampp/htdocs/tecweb/vendor/symfony/console/Command/Command.php(255): Illuminate\\Console\\Command->execute(Object(Symfony\\Component\\Console\\Input\\ArgvInput), Object(Illuminate\\Console\\OutputStyle))
#8 /opt/lampp/htdocs/tecweb/vendor/laravel/framework/src/Illuminate/Console/Command.php(121): Symfony\\Component\\Console\\Command\\Command->run(Object(Symfony\\Component\\Console\\Input\\ArgvInput), Object(Illuminate\\Console\\OutputStyle))
#9 /opt/lampp/htdocs/tecweb/vendor/symfony/console/Application.php(1009): Illuminate\\Console\\Command->run(Object(Symfony\\Component\\Console\\Input\\ArgvInput), Object(Symfony\\Component\\Console\\Output\\ConsoleOutput))
#10 /opt/lampp/htdocs/tecweb/vendor/symfony/console/Application.php(273): Symfony\\Component\\Console\\Application->doRunCommand(Object(App\\Console\\Commands\\genImages), Object(Symfony\\Component\\Console\\Input\\ArgvInput), Object(Symfony\\Component\\Console\\Output\\ConsoleOutput))
#11 /opt/lampp/htdocs/tecweb/vendor/symfony/console/Application.php(149): Symfony\\Component\\Console\\Application->doRun(Object(Symfony\\Component\\Console\\Input\\ArgvInput), Object(Symfony\\Component\\Console\\Output\\ConsoleOutput))
#12 /opt/lampp/htdocs/tecweb/vendor/laravel/framework/src/Illuminate/Console/Application.php(93): Symfony\\Component\\Console\\Application->run(Object(Symfony\\Component\\Console\\Input\\ArgvInput), Object(Symfony\\Component\\Console\\Output\\ConsoleOutput))
#13 /opt/lampp/htdocs/tecweb/vendor/laravel/framework/src/Illuminate/Foundation/Console/Kernel.php(131): Illuminate\\Console\\Application->run(Object(Symfony\\Component\\Console\\Input\\ArgvInput), Object(Symfony\\Component\\Console\\Output\\ConsoleOutput))
#14 /opt/lampp/htdocs/tecweb/artisan(37): Illuminate\\Foundation\\Console\\Kernel->handle(Object(Symfony\\Component\\Console\\Input\\ArgvInput), Object(Symfony\\Component\\Console\\Output\\ConsoleOutput))
#15 {main}
"} 
[2022-06-01 17:50:10] local.ERROR: syntax error, unexpected '}' {"exception":"[object] (Symfony\\Component\\Debug\\Exception\\FatalThrowableError(code: 0): syntax error, unexpected '}' at /opt/lampp/htdocs/tecweb/app/Console/Commands/genImages.php:63)
[stacktrace]
#0 /opt/lampp/htdocs/tecweb/vendor/composer/ClassLoader.php(428): Composer\\Autoload\\includeFile('/opt/lampp/htdo...')
#1 [internal function]: Composer\\Autoload\\ClassLoader->loadClass('App\\\\Console\\\\Com...')
#2 [internal function]: spl_autoload_call('App\\\\Console\\\\Com...')
#3 /opt/lampp/htdocs/tecweb/vendor/laravel/framework/src/Illuminate/Foundation/Console/Kernel.php(239): is_subclass_of('App\\\\Console\\\\Com...', 'Illuminate\\\\Cons...')
#4 /opt/lampp/htdocs/tecweb/app/Console/Kernel.php(38): Illuminate\\Foundation\\Console\\Kernel->load(Array)
#5 /opt/lampp/htdocs/tecweb/vendor/laravel/framework/src/Illuminate/Foundation/Console/Kernel.php(326): App\\Console\\Kernel->commands()
#6 /opt/lampp/htdocs/tecweb/vendor/laravel/framework/src/Illuminate/Foundation/Console/Kernel.php(129): Illuminate\\Foundation\\Console\\Kernel->bootstrap()
#7 /opt/lampp/htdocs/tecweb/artisan(37): Illuminate\\Foundation\\Console\\Kernel->handle(Object(Symfony\\Component\\Console\\Input\\ArgvInput), Object(Symfony\\Component\\Console\\Output\\ConsoleOutput))
#8 {main}
"} 
